<?xml version="1.0" encoding="UTF-8"?>
<!-- Generated by org.testng.reporters.JUnitXMLReporter -->
<testsuite hostname="Sathaga" name="Test" tests="4" failures="0" timestamp="25 Jan 2022 14:10:30 GMT" time="0.054" errors="0">
  <testcase name="CustomerloginTestOne" time="0.018" classname="testNGframework.FirstTest"/>
  <testcase name="CustomerloginTestTwo" time="0.001" classname="testNGframework.FirstTest"/>
  <testcase name="CustomerOrderPlace" time="0.002" classname="testNGframework.SecondTest"/>
  <testcase name="CustomerPaymentDone" time="0.002" classname="testNGframework.SecondTest"/>
</testsuite> <!-- Test -->
