<?xml version="1.0" encoding="UTF-8" ?>
<testsuite tests="3" failures="1" name="TestSuite" time="13.471" errors="0" skipped="0">
  <properties>
[...]
</properties>
  <testcase classname="seleniumBasic.TestngSample" name="FacebookImageTest" time="3.122"/>
  <testcase classname="seleniumBasic.TestngSample" name="FacebookSignUpTest" time="4.84"/>
  <testcase classname="testNGframework.FirstTestCase" name="fbTest" time="5.509">
    <failure message="Facebook image is NOT displayed correctly expected [true] but found [false]" type="java.lang.AssertionError">java.lang.AssertionError: Facebook image is NOT displayed correctly expected [true] but found [false]
	at org.testng.Assert.fail(Assert.java:96)
	at org.testng.Assert.failNotEquals(Assert.java:776)
	at org.testng.Assert.assertTrue(Assert.java:44)
	at testNGframework.FirstTestCase.fbTest(FirstTestCase.java:28)
</failure>
    <system-err>Starting ChromeDriver 95.0.4638.54 (d31a821ec901f68d0d34ccdbaea45b4c86ce543e-refs/branch-heads/4638@{#871}) on port 21185
Only local connections are allowed.
Please see https://chromedriver.chromium.org/security-considerations for suggestions on keeping ChromeDriver safe.
ChromeDriver was started successfully.
[1639489776.484][WARNING]: This version of ChromeDriver has not been tested with Chrome version 96.
Dec 14, 2021 7:19:36 PM org.openqa.selenium.remote.ProtocolHandshake createSession
INFO: Detected dialect: W3C
</system-err>
  </testcase>
</testsuite>