<?xml version="1.0" encoding="UTF-8"?>
<testng-results skipped="0" failed="0" total="1" passed="1">
  <reporter-output>
  </reporter-output>
  <suite name="Default suite" duration-ms="20449" started-at="2022-04-17T11:29:55Z" finished-at="2022-04-17T11:30:15Z">
    <groups>
    </groups>
    <test name="Default test" duration-ms="20449" started-at="2022-04-17T11:29:55Z" finished-at="2022-04-17T11:30:15Z">
      <class name="automationScenarios.FlipKartAddToCart">
        <test-method status="PASS" signature="verifyAddToCartInFlipkart()[pri:0, instance:automationScenarios.FlipKartAddToCart@57829d67]" name="verifyAddToCartInFlipkart" duration-ms="20418" started-at="2022-04-17T16:59:55Z" finished-at="2022-04-17T17:00:15Z">
          <reporter-output>
          </reporter-output>
        </test-method> <!-- verifyAddToCartInFlipkart -->
      </class> <!-- automationScenarios.FlipKartAddToCart -->
    </test> <!-- Default test -->
  </suite> <!-- Default suite -->
</testng-results>
